<?xml version="1.0" encoding="UTF-8"?>
<!-- Generated by org.testng.reporters.JUnitXMLReporter -->
<testsuite hostname="Rizuwanas-MacBook-Pro.local" ignored="0" name="Default test" tests="3" failures="0" timestamp="09 Apr 2022 21:15:10 GMT" time="14.079" errors="0">
  <testcase name="runScenario" time="5.412" classname="io.cucumber.testng.AbstractTestNGCucumberTests"/>
  <testcase name="runScenario" time="4.233" classname="io.cucumber.testng.AbstractTestNGCucumberTests"/>
  <testcase name="runScenario" time="4.221" classname="io.cucumber.testng.AbstractTestNGCucumberTests"/>
</testsuite> <!-- Default test -->
