<?xml version="1.0" encoding="UTF-8"?>
<testng-results skipped="0" failed="0" ignored="0" total="3" passed="3">
  <reporter-output>
  </reporter-output>
  <suite name="Default suite" duration-ms="14079" started-at="2022-04-09T21:14:56Z" finished-at="2022-04-09T21:15:10Z">
    <groups>
      <group name="cucumber">
        <method signature="AbstractTestNGCucumberTests.runScenario(io.cucumber.testng.PickleWrapper, io.cucumber.testng.FeatureWrapper)[pri:0, instance:com.testrunner.testRunner@7f010382]" name="runScenario" class="io.cucumber.testng.AbstractTestNGCucumberTests"/>
      </group> <!-- cucumber -->
    </groups>
    <test name="Default test" duration-ms="14079" started-at="2022-04-09T21:14:56Z" finished-at="2022-04-09T21:15:10Z">
      <class name="com.testrunner.testRunner">
        <test-method status="PASS" signature="setUpClass(org.testng.ITestContext)[pri:0, instance:com.testrunner.testRunner@7f010382]" name="setUpClass" is-config="true" duration-ms="189" started-at="2022-04-09T17:14:56Z" finished-at="2022-04-09T17:14:56Z">
          <params>
            <param index="0">
              <value>
                <![CDATA[org.testng.TestRunner@54dcbb9f]]>
              </value>
            </param>
          </params>
          <reporter-output>
          </reporter-output>
        </test-method> <!-- setUpClass -->
        <test-method status="PASS" signature="runScenario(io.cucumber.testng.PickleWrapper, io.cucumber.testng.FeatureWrapper)[pri:0, instance:com.testrunner.testRunner@7f010382]" name="runScenario" duration-ms="5412" started-at="2022-04-09T17:14:56Z" description="Runs Cucumber Scenarios" data-provider="scenarios" finished-at="2022-04-09T17:15:01Z">
          <params>
            <param index="0">
              <value>
                <![CDATA["Verify the error message by creating a invalid account"]]>
              </value>
            </param>
            <param index="1">
              <value>
                <![CDATA["Optional[create an account]"]]>
              </value>
            </param>
          </params>
          <reporter-output>
          </reporter-output>
        </test-method> <!-- runScenario -->
        <test-method status="PASS" signature="runScenario(io.cucumber.testng.PickleWrapper, io.cucumber.testng.FeatureWrapper)[pri:0, instance:com.testrunner.testRunner@7f010382]" name="runScenario" duration-ms="4233" started-at="2022-04-09T17:15:01Z" description="Runs Cucumber Scenarios" data-provider="scenarios" finished-at="2022-04-09T17:15:06Z">
          <params>
            <param index="0">
              <value>
                <![CDATA["Verify the error message by creating a invalid account"]]>
              </value>
            </param>
            <param index="1">
              <value>
                <![CDATA["Optional[create an account]"]]>
              </value>
            </param>
          </params>
          <reporter-output>
          </reporter-output>
        </test-method> <!-- runScenario -->
        <test-method status="PASS" signature="runScenario(io.cucumber.testng.PickleWrapper, io.cucumber.testng.FeatureWrapper)[pri:0, instance:com.testrunner.testRunner@7f010382]" name="runScenario" duration-ms="4221" started-at="2022-04-09T17:15:06Z" description="Runs Cucumber Scenarios" data-provider="scenarios" finished-at="2022-04-09T17:15:10Z">
          <params>
            <param index="0">
              <value>
                <![CDATA["Verify the error message by creating a invalid account"]]>
              </value>
            </param>
            <param index="1">
              <value>
                <![CDATA["Optional[create an account]"]]>
              </value>
            </param>
          </params>
          <reporter-output>
          </reporter-output>
        </test-method> <!-- runScenario -->
        <test-method status="PASS" signature="tearDownClass()[pri:0, instance:com.testrunner.testRunner@7f010382]" name="tearDownClass" is-config="true" duration-ms="6" started-at="2022-04-09T17:15:10Z" finished-at="2022-04-09T17:15:10Z">
          <reporter-output>
          </reporter-output>
        </test-method> <!-- tearDownClass -->
      </class> <!-- com.testrunner.testRunner -->
    </test> <!-- Default test -->
  </suite> <!-- Default suite -->
</testng-results>
